<?xml version="1.0" encoding="UTF-8"?>
<testng-results ignored="0" total="1" passed="1" failed="0" skipped="0">
  <reporter-output>
  </reporter-output>
  <suite started-at="2022-06-22T22:52:01 CST" name="SampleSuite" finished-at="2022-06-22T22:52:35 CST" duration-ms="33655">
    <groups>
      <group name="cucumber">
        <method signature="AbstractTestNGCucumberTests.feature(cucumber.api.testng.CucumberFeatureWrapper)[pri:0, instance:com.framework.testrunner.amazon.Amazon_Search_Runner@196a42c3]" name="feature" class="cucumber.api.testng.AbstractTestNGCucumberTests"/>
      </group> <!-- cucumber -->
    </groups>
    <test started-at="2022-06-22T22:52:01 CST" name="SampleSuite" finished-at="2022-06-22T22:52:35 CST" duration-ms="33655">
      <class name="com.framework.testrunner.amazon.Amazon_Search_Runner">
        <test-method is-config="true" signature="setUpClass()[pri:0, instance:com.framework.testrunner.amazon.Amazon_Search_Runner@196a42c3]" started-at="2022-06-22T22:52:01 CST" name="setUpClass" finished-at="2022-06-22T22:52:02 CST" duration-ms="490" status="PASS">
          <reporter-output>
          </reporter-output>
        </test-method> <!-- setUpClass -->
        <test-method signature="feature(cucumber.api.testng.CucumberFeatureWrapper)[pri:0, instance:com.framework.testrunner.amazon.Amazon_Search_Runner@196a42c3]" started-at="2022-06-22T22:52:02 CST" name="feature" description="Runs Cucumber Feature" data-provider="features" finished-at="2022-06-22T22:52:33 CST" duration-ms="30779" status="PASS">
          <params>
            <param index="0">
              <value>
                <![CDATA[Amazon Search]]>
              </value>
            </param>
          </params>
          <reporter-output>
          </reporter-output>
        </test-method> <!-- feature -->
        <test-method is-config="true" signature="afterClass()[pri:0, instance:com.framework.testrunner.amazon.Amazon_Search_Runner@196a42c3]" started-at="2022-06-22T22:52:33 CST" name="afterClass" finished-at="2022-06-22T22:52:34 CST" duration-ms="1180" status="PASS">
          <reporter-output>
          </reporter-output>
        </test-method> <!-- afterClass -->
        <test-method is-config="true" signature="tearDownClass()[pri:0, instance:com.framework.testrunner.amazon.Amazon_Search_Runner@196a42c3]" started-at="2022-06-22T22:52:34 CST" name="tearDownClass" finished-at="2022-06-22T22:52:35 CST" duration-ms="700" status="PASS">
          <reporter-output>
          </reporter-output>
        </test-method> <!-- tearDownClass -->
      </class> <!-- com.framework.testrunner.amazon.Amazon_Search_Runner -->
    </test> <!-- SampleSuite -->
  </suite> <!-- SampleSuite -->
</testng-results>
